2013-11-19 17:50:18 [INFO] [Multiverse-Core] - Version 2.4-b527 (API v14) Enabled - By Rigby, fernferret, lithium3141 and main--
2013-11-19 17:50:18 [INFO] [Multiverse-Core] Loading World & Settings - 'world' - Env: NORMAL - Type: NORMAL & seed: -3459743345182500462
2013-11-19 17:50:18 [WARNING] [Multiverse-Core] Spawn location from world.dat file was unsafe. Adjusting...
2013-11-19 17:50:18 [WARNING] [Multiverse-Core] Original Location: X: -56 Y: 64 Z: 248 P: 0 Y: 0 
2013-11-19 17:50:18 [INFO] [Multiverse-Core] New Spawn for 'world' is Located at: world:-50.50,61.00,256.50:0.00:0.00
2013-11-19 17:50:18 [INFO] [Multiverse-Core] Loading World & Settings - 'world_nether' - Env: NETHER - Type: NORMAL & seed: -3459743345182500462
2013-11-19 17:50:18 [WARNING] [Multiverse-Core] Spawn location from world.dat file was unsafe. Adjusting...
2013-11-19 17:50:18 [WARNING] [Multiverse-Core] Original Location: X: 0 Y: 64 Z: 0 P: 0 Y: 0 
2013-11-19 17:50:18 [INFO] [Multiverse-Core] New Spawn for 'world_nether' is Located at: world_nether:-3.50,64.00,5.50:0.00:0.00
2013-11-19 17:50:21 [INFO] [Multiverse-Core] Loading World & Settings - 'world_the_end' - Env: THE_END - Type: NORMAL & seed: -3459743345182500462
2013-11-19 17:50:21 [WARNING] [Multiverse-Core] Spawn location from world.dat file was unsafe. Adjusting...
2013-11-19 17:50:21 [WARNING] [Multiverse-Core] Original Location: X: 0 Y: 50 Z: 0 P: 0 Y: 0 
2013-11-19 17:50:21 [INFO] [Multiverse-Core] New Spawn for 'world_the_end' is Located at: world_the_end:0.00,64.00,0.00:0.00:0.00
2013-11-19 17:50:21 [INFO] [Multiverse-Core] Loading World & Settings - 'world' - Env: NORMAL - Type: NORMAL & seed: -3459743345182500462
2013-11-19 17:50:21 [INFO] [Multiverse-Core] Loading World & Settings - 'world_nether' - Env: NETHER - Type: NORMAL & seed: -3459743345182500462
2013-11-19 17:50:21 [INFO] [Multiverse-Core] Loading World & Settings - 'world_the_end' - Env: THE_END - Type: NORMAL & seed: -3459743345182500462
2013-11-19 17:50:21 [INFO] [Multiverse-Core] 3 - World(s) loaded.
2013-11-19 17:55:19 [INFO] [Multiverse-Core] - Version 2.4-b527 (API v14) Enabled - By Rigby, fernferret, lithium3141 and main--
2013-11-19 17:55:19 [INFO] [Multiverse-Core] Loading World & Settings - 'world' - Env: NORMAL - Type: NORMAL & seed: -3459743345182500462
2013-11-19 17:55:19 [INFO] [Multiverse-Core] Loading World & Settings - 'world_nether' - Env: NETHER - Type: NORMAL & seed: -3459743345182500462
2013-11-19 17:55:19 [INFO] [Multiverse-Core] Loading World & Settings - 'world_the_end' - Env: THE_END - Type: NORMAL & seed: -3459743345182500462
2013-11-19 17:55:19 [INFO] [Multiverse-Core] 3 - World(s) loaded.
2013-11-19 18:00:59 [INFO] [Multiverse-Core] - Version 2.4-b527 (API v14) Enabled - By Rigby, fernferret, lithium3141 and main--
2013-11-19 18:00:59 [INFO] [Multiverse-Core] Loading World & Settings - 'world' - Env: NORMAL - Type: NORMAL & seed: -3459743345182500462
2013-11-19 18:00:59 [INFO] [Multiverse-Core] Loading World & Settings - 'world_nether' - Env: NETHER - Type: NORMAL & seed: -3459743345182500462
2013-11-19 18:00:59 [INFO] [Multiverse-Core] Loading World & Settings - 'world_the_end' - Env: THE_END - Type: NORMAL & seed: -3459743345182500462
2013-11-19 18:00:59 [INFO] [Multiverse-Core] 3 - World(s) loaded.
2013-12-06 14:44:17 [INFO] [Multiverse-Core] - Version 2.4-b527 (API v14) Enabled - By Rigby, fernferret, lithium3141 and main--
2013-12-06 14:44:18 [INFO] [Multiverse-Core] Loading World & Settings - 'world' - Env: NORMAL - Type: NORMAL & seed: -3459743345182500462
2013-12-06 14:44:18 [WARNING] [Multiverse-Core] Spawn location from world.dat file was unsafe. Adjusting...
2013-12-06 14:44:18 [WARNING] [Multiverse-Core] Original Location: X: -51 Y: 61 Z: 256 P: 0 Y: 0 
2013-12-06 14:44:18 [INFO] [Multiverse-Core] New Spawn for 'world' is Located at: world:-44.50,61.00,255.50:0.00:0.00
2013-12-06 14:44:18 [INFO] [Multiverse-Core] Loading World & Settings - 'world_nether' - Env: NETHER - Type: NORMAL & seed: -3459743345182500462
2013-12-06 14:44:18 [INFO] [Multiverse-Core] Loading World & Settings - 'world_the_end' - Env: THE_END - Type: NORMAL & seed: -3459743345182500462
2013-12-06 14:44:18 [INFO] [Multiverse-Core] 3 - World(s) loaded.
2013-12-06 14:46:04 [INFO] [Multiverse-Core] - Version 2.4-b527 (API v14) Enabled - By Rigby, fernferret, lithium3141 and main--
2013-12-06 14:46:04 [INFO] [Multiverse-Core] Loading World & Settings - 'world' - Env: NORMAL - Type: NORMAL & seed: -3459743345182500462
2013-12-06 14:46:04 [INFO] [Multiverse-Core] Loading World & Settings - 'world_nether' - Env: NETHER - Type: NORMAL & seed: -3459743345182500462
2013-12-06 14:46:04 [INFO] [Multiverse-Core] Loading World & Settings - 'world_the_end' - Env: THE_END - Type: NORMAL & seed: -3459743345182500462
2013-12-06 14:46:04 [INFO] [Multiverse-Core] 3 - World(s) loaded.
2013-12-06 14:58:03 [INFO] [Multiverse-Core] - Version 2.4-b527 (API v14) Enabled - By Rigby, fernferret, lithium3141 and main--
2013-12-06 14:58:03 [INFO] [Multiverse-Core] Loading World & Settings - 'world' - Env: NORMAL - Type: NORMAL & seed: -3459743345182500462
2013-12-06 14:58:03 [INFO] [Multiverse-Core] Loading World & Settings - 'world_nether' - Env: NETHER - Type: NORMAL & seed: -3459743345182500462
2013-12-06 14:58:03 [INFO] [Multiverse-Core] Loading World & Settings - 'world_the_end' - Env: THE_END - Type: NORMAL & seed: -3459743345182500462
2013-12-06 14:58:03 [INFO] [Multiverse-Core] 3 - World(s) loaded.
2013-12-09 15:30:21 [INFO] [Multiverse-Core] - Version 2.4-b527 (API v14) Enabled - By Rigby, fernferret, lithium3141 and main--
2013-12-09 15:30:22 [INFO] [Multiverse-Core] Loading World & Settings - 'world' - Env: NORMAL - Type: NORMAL & seed: -3459743345182500462
2013-12-09 15:30:22 [INFO] [Multiverse-Core] Loading World & Settings - 'world_nether' - Env: NETHER - Type: NORMAL & seed: -3459743345182500462
2013-12-09 15:30:22 [INFO] [Multiverse-Core] Loading World & Settings - 'world_the_end' - Env: THE_END - Type: NORMAL & seed: -3459743345182500462
2013-12-09 15:30:22 [INFO] [Multiverse-Core] 3 - World(s) loaded.
2013-12-09 15:31:07 [INFO] [Multiverse-Core] - Version 2.4-b527 (API v14) Enabled - By Rigby, fernferret, lithium3141 and main--
2013-12-09 15:31:07 [INFO] [Multiverse-Core] Loading World & Settings - 'world' - Env: NORMAL - Type: NORMAL & seed: -3459743345182500462
2013-12-09 15:31:08 [INFO] [Multiverse-Core] Loading World & Settings - 'world_nether' - Env: NETHER - Type: NORMAL & seed: -3459743345182500462
2013-12-09 15:31:08 [INFO] [Multiverse-Core] Loading World & Settings - 'world_the_end' - Env: THE_END - Type: NORMAL & seed: -3459743345182500462
2013-12-09 15:31:08 [INFO] [Multiverse-Core] 3 - World(s) loaded.
2013-12-09 16:27:30 [INFO] [Multiverse-Core] Loading World & Settings - 'Creative' - Env: NORMAL - Type: NORMAL
2013-12-09 16:41:11 [INFO] [Multiverse-Core] - Version 2.4-b527 (API v14) Enabled - By Rigby, fernferret, lithium3141 and main--
2013-12-09 16:41:12 [INFO] [Multiverse-Core] Loading World & Settings - 'world' - Env: NORMAL - Type: NORMAL & seed: -3459743345182500462
2013-12-09 16:41:12 [INFO] [Multiverse-Core] Loading World & Settings - 'world_nether' - Env: NETHER - Type: NORMAL & seed: -3459743345182500462
2013-12-09 16:41:12 [INFO] [Multiverse-Core] Loading World & Settings - 'world_the_end' - Env: THE_END - Type: NORMAL & seed: -3459743345182500462
2013-12-09 16:41:12 [INFO] [Multiverse-Core] Loading World & Settings - 'Creative' - Env: NORMAL - Type: NORMAL & seed: -8565906680174099813
2013-12-09 16:41:13 [INFO] [Multiverse-Core] 4 - World(s) loaded.
2013-12-18 15:41:45 [INFO] [Multiverse-Core] - Version 2.4-b527 (API v14) Enabled - By Rigby, fernferret, lithium3141 and main--
2013-12-18 15:41:45 [INFO] [Multiverse-Core] Loading World & Settings - 'world' - Env: NORMAL - Type: NORMAL & seed: -3459743345182500462
2013-12-18 15:41:45 [INFO] [Multiverse-Core] Loading World & Settings - 'world_nether' - Env: NETHER - Type: NORMAL & seed: -3459743345182500462
2013-12-18 15:41:45 [INFO] [Multiverse-Core] Loading World & Settings - 'world_the_end' - Env: THE_END - Type: NORMAL & seed: -3459743345182500462
2013-12-18 15:41:45 [INFO] [Multiverse-Core] Loading World & Settings - 'Creative' - Env: NORMAL - Type: NORMAL & seed: -8565906680174099813
2013-12-18 15:41:46 [INFO] [Multiverse-Core] 4 - World(s) loaded.
2013-12-23 13:24:53 [INFO] [Multiverse-Core] - Version 2.4-b527 (API v14) Enabled - By Rigby, fernferret, lithium3141 and main--
2013-12-23 13:24:53 [INFO] [Multiverse-Core] Loading World & Settings - 'world' - Env: NORMAL - Type: NORMAL & seed: -3459743345182500462
2013-12-23 13:24:53 [INFO] [Multiverse-Core] Loading World & Settings - 'world_nether' - Env: NETHER - Type: NORMAL & seed: -3459743345182500462
2013-12-23 13:24:53 [INFO] [Multiverse-Core] Loading World & Settings - 'world_the_end' - Env: THE_END - Type: NORMAL & seed: -3459743345182500462
2013-12-23 13:24:53 [INFO] [Multiverse-Core] Loading World & Settings - 'Creative' - Env: NORMAL - Type: NORMAL & seed: -8565906680174099813
2013-12-23 13:24:54 [INFO] [Multiverse-Core] 4 - World(s) loaded.
2013-12-23 13:53:01 [INFO] [Multiverse-Core] - Version 2.4-b527 (API v14) Enabled - By Rigby, fernferret, lithium3141 and main--
2013-12-23 13:53:01 [INFO] [Multiverse-Core] Loading World & Settings - 'world' - Env: NORMAL - Type: NORMAL & seed: -3459743345182500462
2013-12-23 13:53:01 [INFO] [Multiverse-Core] Loading World & Settings - 'world_nether' - Env: NETHER - Type: NORMAL & seed: -3459743345182500462
2013-12-23 13:53:02 [INFO] [Multiverse-Core] Loading World & Settings - 'world_the_end' - Env: THE_END - Type: NORMAL & seed: -3459743345182500462
2013-12-23 13:53:02 [INFO] [Multiverse-Core] Loading World & Settings - 'Creative' - Env: NORMAL - Type: NORMAL & seed: -8565906680174099813
2013-12-23 13:53:03 [INFO] [Multiverse-Core] 4 - World(s) loaded.
2013-12-23 14:30:12 [INFO] [Multiverse-Core] - Version 2.4-b527 (API v14) Enabled - By Rigby, fernferret, lithium3141 and main--
2013-12-23 14:30:12 [INFO] [Multiverse-Core] Loading World & Settings - 'world' - Env: NORMAL - Type: NORMAL & seed: -3459743345182500462
2013-12-23 14:30:12 [INFO] [Multiverse-Core] Loading World & Settings - 'world_nether' - Env: NETHER - Type: NORMAL & seed: -3459743345182500462
2013-12-23 14:30:12 [INFO] [Multiverse-Core] Loading World & Settings - 'world_the_end' - Env: THE_END - Type: NORMAL & seed: -3459743345182500462
2013-12-23 14:30:12 [INFO] [Multiverse-Core] Loading World & Settings - 'Creative' - Env: NORMAL - Type: NORMAL & seed: -8565906680174099813
2013-12-23 14:30:13 [INFO] [Multiverse-Core] 4 - World(s) loaded.
